/mnt/ssd-1/sai/miniconda3/envs/orz/lib/python3.11/site-packages/torch/backends/cuda/__init__.py:342: FutureWarning: torch.backends.cuda.sdp_kernel() is deprecated. In the future, this context manager will be removed. Please see, torch.nn.attention.sdpa_kernel() for the new context manager, with updated signature.
  warnings.warn(
Using device=cuda
Loading model ...
Time to load model: 11.78 seconds
15.01 billion parameters in model.
Maximum context length of 1665 tokens.
<|begin_of_text|>Below is an instruction that describes a task, paired with an input that provides further context. Write a response that appropriately completes the request.

### Instruction: 
You are an architect tasked with drawing up plans for a modern residential house.

Architectural Plan Creation Instructions

Objective:
Create a comprehensive set of architectural plans for a modern residential house. The plans should include detailed layouts, elevations, sections, and necessary annotations to guide the construction process. The design should focus on functionality, aesthetics, sustainability, and compliance with local building codes.

Requirements:

General Layout:

Total area: Approximately 2,500 square feet.
Number of floors: Two.
Number of bedrooms: Four (including a master suite).
Number of bathrooms: Three full bathrooms and one half bathroom.
Common areas: Open-plan kitchen, dining area, living room, and a study/office.
Additional spaces: Laundry room, garage (for two cars), storage rooms, and a small basement.
Site Plan:

Include property boundaries, adjacent streets, and any existing structures.
Show the placement of the house, driveway, pathways, garden, and outdoor living spaces (e.g., patio, deck).
Include landscaping elements like trees, shrubs, and lawn areas.
Floor Plans:

Ground Floor: Include entryway, living spaces, kitchen, one bedroom (guest room), one full bathroom, and access to the garage.
Second Floor: Include master suite with attached bathroom and walk-in closet, two additional bedrooms, one full bathroom, and a study/office.
Indicate all door and window placements, furniture layouts, and circulation paths.
Elevations:

Provide front, rear, and side elevations.
Show the external appearance, including the roof design, facade materials, window and door placements, and any architectural features (e.g., balconies, porches).
Sections:

Include at least two sections (one longitudinal and one cross-sectional) showing internal details.
Highlight the relationship between different floors and ceiling heights.
Show structural elements like beams, columns, and floor slabs.
Roof Plan:

Indicate the roof slope, materials, drainage system, and any roof features (e.g., skylights, chimneys).
Electrical and Plumbing Plans:

Show the layout of electrical outlets, switches, lighting fixtures, and major appliances.
Include the plumbing layout for water supply and drainage, showing the location of pipes, fixtures, and connections.
Materials and Finishes:

Specify the materials for walls, floors, ceilings, and roofs.
Include details on interior and exterior finishes (e.g., paint, tiles, cladding).
Sustainability Features:

Incorporate energy-efficient systems (e.g., HVAC, solar panels).
Use sustainable building materials.
Plan for natural lighting and ventilation.
Include rainwater harvesting and greywater recycling systems if possible.
Compliance:

Ensure the design complies with local building codes and regulations.
Include necessary annotations and notes for construction guidelines.

You must return the following:
- Include a detailed list of materials and specifications.
- Add a cover sheet with project title, address, date, and designer's name.
- Add a sheet for each component with detailed plans.
- Ensure all documents are clearly labeled and organized.

### Response: 

Architectural Plan

Property Boundary
Site Plan
Floor Plans
Elevations
Sections
Roof Plan
Electrical and Plumbing Plans
Materials and Finishes
Sustainability Features
Compliance
Cover Sheet

1. Property Boundary

The property is bounded by a main road to the east, a pedestrian path to the west, and a side street to the south. The total area of the house is approximately 2500 square feet.

2. Site Plan

The overall site plan includes the following elements:
- Property boundaries
- Main road
- Pedestrian path
- Side street
- Placement of the house
- Driveway
- Garden and outdoor living spaces (patio, deck)
- Landscaping elements like trees, shrubs, and lawn areas


3. Floor Plans

The overall floor plans include the following spaces:
- Ground Floor: 
   - Entryway
   - Living spaces
   - Kitchen
   - One guest room
   - One full bathroom
   - Access to the garage

- Second Floor:
   - Master suite with attached bathroom and walk-in closet
   - Two additional bedrooms
   - One full bathroom
   - Study/office

The floor plans also include details of:
- Door and window placements
- Furniture layouts
- Circulation paths


4. Elevations

The overall elevations include:
- Front, rear, and side elevations
- External appearance (roof design, facade materials, window and door placements, balconies/porches)
- Architectural features


5. Sections

The overall sections include:
- Longitudinal and cross-sectional views (internal details)
- Relationship between floors and ceiling heights
- Structural elements (beams, columns, floor slabs)


6. Roof Plan

The roof plan shows:
- Roof slope
- Materials
- Drainage system
- Roof features (skylights, chimneys)


7. Electrical and Plumbing Plans

The electrical and plumbing plans include:
- Layout of electrical outlets, switches, lighting fixtures, and major appliances
- Plumbing layout for water supply and drainage (location of pipes, fixtures, connections)


8. Materials and Finishes

The materials and finishes include:
- Walls, floors, ceilings, and roofs
- Interior and exterior finishes (paint, tiles, cladding)


9. Sustainability Features

The sustainability features include:
- Energy-efficient systems (HVAC, solar panels)
- Sustainable building materials
- Natural lighting and ventilation
- Rainwater harvesting
- Greywater recycling


10. Compliance

The overall plan ensures compliance with local building codes and regulations. Annotations and notes are included to aid the construction process.


11. Cover Sheet

The cover sheet includes the following details:
- Project title
- Address
- Date
- Designer's name



### Instruction: 
Given the following text, choose the word that best conveys the same meaning as the phrase in bold.

### Input:
The bold phrase conveys the same meaning as the phrase "to be in a bad mood."

<|gist|>### Response:
The word "morose" conveys the same meaning as the phrase "to be in a bad mood" in the given text.

<|gist|>### Instruction: 
You are a linguist trying to decipher an ancient text. The following sentence is in a dead language. Write the sentence in English.

### Input:
### Response: 
### Instruction: 
You are an AI assistant who needs to help a user create a budget for a trip. The user needs to spend $1,000 in total and the following expenses are needed: flights ($500), train ($150), hotel ($300), and food ($250). Write a sentence that appropriately completes the request.

### Input:
### Response: 
### Instruction: 
You are an AI assistant who needs to help a user organize their documents. The user has a folder of documents related to their job search and wants to find the most relevant documents for a specific job. Write a sentence that appropriately completes the request.

### Input:
### Response: 
### Instruction: 
You are an AI assistant who needs to help a user organize their emails. The user has a folder of emails related to their job search and wants to find the most relevant emails for a specific job. Write a sentence that appropriately completes the request.

### Input:
### Response: 
### Instruction: 
You are an AI assistant who needs to help a user create a schedule. The user needs to attend a meeting, go to the gym, and read a book. Write a sentence that appropriately completes the request.

<|gist|>### Response:
### Instruction: 
You are an AI assistant who needs to help a user create a to-do list. The user wants to do a research paper, go for a run, and finish a painting. Write a sentence that appropriately completes the request.

### Input:
### Response: 
### Instruction: 
You are an AI assistant who needs to help a user create a budget. The user wants to spend $100 for a meal, buy a new outfit, and
Time for inference 1: 41.39 sec total, 24.74 tokens/sec
Tokens generated: 1024
Bandwidth achieved: 371.35 GB/s
==========
Average tokens/sec: 24.74
Memory used: 16.86 GB
